<?xml version="1.0" encoding="UTF-8"?>
<!-- Generated by org.testng.reporters.JUnitXMLReporter -->
<testsuite hostname="DESKTOP-16AJ7JT" ignored="0" name="Default test" tests="3" failures="0" timestamp="2020-09-15T11:27:14 IST" time="0.166" errors="0">
  <testcase name="testCase4" time="0.025" classname="com.testng.ParallelExecution1"/>
  <testcase name="testCase5" time="0.003" classname="com.testng.ParallelExecution1"/>
  <testcase name="testCase6" time="0.01" classname="com.testng.ParallelExecution1"/>
</testsuite> <!-- Default test -->
