<?xml version="1.0" encoding="UTF-8"?>
<!-- Generated by org.testng.reporters.JUnitXMLReporter -->
<testsuite hostname="DESKTOP-16AJ7JT" ignored="0" name="Test" tests="12" failures="0" timestamp="2020-09-15T11:28:41 IST" time="0.266" errors="0">
  <testcase name="testCase4" time="0.019" classname="com.testng.ParallelExecution1"/>
  <testcase name="testCase5" time="0.003" classname="com.testng.ParallelExecution1"/>
  <testcase name="testCase6" time="0.006" classname="com.testng.ParallelExecution1"/>
  <testcase name="testCase1" time="0.012" classname="com.testng.ParallelExecution"/>
  <testcase name="testCase2" time="0.009" classname="com.testng.ParallelExecution"/>
  <testcase name="testCase3" time="0.003" classname="com.testng.ParallelExecution"/>
  <testcase name="testCase1" time="0.003" classname="com.testng.SampleTestCase"/>
  <testcase name="testCase2" time="0.002" classname="com.testng.SampleTestCase"/>
  <testcase name="testCase3" time="0.003" classname="com.testng.SampleTestCase"/>
  <testcase name="testCase3" time="0.003" classname="com.testng.PriorityTestCase"/>
  <testcase name="testCase1" time="0.002" classname="com.testng.PriorityTestCase"/>
  <testcase name="testCase2" time="0.003" classname="com.testng.PriorityTestCase"/>
</testsuite> <!-- Test -->
